<?xml version="1.0" encoding="UTF-8"?>
<testsuite xmlns:xsi="http://www.w3.org/2001/XMLSchema-instance" xsi:noNamespaceSchemaLocation="https://maven.apache.org/surefire/maven-surefire-plugin/xsd/surefire-test-report.xsd" name="server.SearchStringEngineServiceImplTest" time="0.209" tests="3" errors="0" skipped="0" failures="0">
  <properties>
[...]
</properties>
  <testcase name="testKMPSearchWithHTML" classname="server.SearchStringEngineServiceImplTest" time="0.194"/>
  <testcase name="testKMPSearch" classname="server.SearchStringEngineServiceImplTest" time="0.001"/>
  <testcase name="testKMPSearchIscaseSensitive" classname="server.SearchStringEngineServiceImplTest" time="0.001"/>
</testsuite>